Mono path[0] = 'F:/SteamLibrary/steamapps/common/Valheim/valheim_Data/Managed'
Mono config path = 'F:/SteamLibrary/steamapps/common/Valheim/MonoBleedingEdge/etc'
Fallback handler could not load library F:/SteamLibrary/steamapps/common/Valheim/valheim_Data/Mono/lib/usr/lib/libSystem.dylib
Fallback handler could not load library F:/SteamLibrary/steamapps/common/Valheim/valheim_Data/Mono/lib/usr/lib/libSystem.dylib.dll
Fallback handler could not load library F:/SteamLibrary/steamapps/common/Valheim/valheim_Data/Mono/lib/usr/lib/libSystem.dylib
Fallback handler could not load library F:/SteamLibrary/steamapps/common/Valheim/valheim_Data/Mono/libc.so.6
Fallback handler could not load library F:/SteamLibrary/steamapps/common/Valheim/valheim_Data/Mono/libc.so.6.dll
Fallback handler could not load library F:/SteamLibrary/steamapps/common/Valheim/valheim_Data/Mono/libc.so.6
Fallback handler could not load library F:/SteamLibrary/steamapps/common/Valheim/valheim_Data/Mono/data-0000012620065730.dll
Fallback handler could not load library F:/SteamLibrary/steamapps/common/Valheim/valheim_Data/Mono/data-000001262169A020.dll
Initialize engine version: 2019.4.31f1 (bd5abf232a62)
[Subsystems] Discovering subsystems at path F:/SteamLibrary/steamapps/common/Valheim/valheim_Data/UnitySubsystems
Forcing GfxDevice: Vulkan
GfxDevice: creating device client; threaded=1
[Vulkan init] extensions: count=16
[Vulkan init] extensions: name=VK_KHR_device_group_creation, enabled=0
[Vulkan init] extensions: name=VK_KHR_display, enabled=1
[Vulkan init] extensions: name=VK_KHR_external_fence_capabilities, enabled=0
[Vulkan init] extensions: name=VK_KHR_external_memory_capabilities, enabled=0
[Vulkan init] extensions: name=VK_KHR_external_semaphore_capabilities, enabled=0
[Vulkan init] extensions: name=VK_KHR_get_display_properties2, enabled=0
[Vulkan init] extensions: name=VK_KHR_get_physical_device_properties2, enabled=0
[Vulkan init] extensions: name=VK_KHR_get_surface_capabilities2, enabled=0
[Vulkan init] extensions: name=VK_KHR_surface, enabled=1
[Vulkan init] extensions: name=VK_KHR_surface_protected_capabilities, enabled=0
[Vulkan init] extensions: name=VK_KHR_win32_surface, enabled=1
[Vulkan init] extensions: name=VK_EXT_debug_report, enabled=0
[Vulkan init] extensions: name=VK_EXT_debug_utils, enabled=0
[Vulkan init] extensions: name=VK_EXT_direct_mode_display, enabled=0
[Vulkan init] extensions: name=VK_EXT_swapchain_colorspace, enabled=1
[Vulkan init] extensions: name=VK_NV_external_memory_capabilities, enabled=0
[Vulkan init] SelectPhysicalDevice requestedDeviceIndex=-1 xrDevice=0000000000000000
[Vulkan init] Physical Device 0000012621F293A0 [0]: "NVIDIA GeForce RTX 2070 SUPER" deviceType=2 vendorID=10de deviceID=1e84
[Vulkan init] Selected physical device 0000012621F293A0
[Vulkan init] Graphics queue count=1
[Vulkan init] extensions: count=160
[Vulkan init] extensions: name=VK_KHR_16bit_storage, enabled=0
[Vulkan init] extensions: name=VK_KHR_8bit_storage, enabled=0
[Vulkan init] extensions: name=VK_KHR_acceleration_structure, enabled=0
[Vulkan init] extensions: name=VK_KHR_bind_memory2, enabled=0
[Vulkan init] extensions: name=VK_KHR_buffer_device_address, enabled=0
[Vulkan init] extensions: name=VK_KHR_copy_commands2, enabled=0
[Vulkan init] extensions: name=VK_KHR_create_renderpass2, enabled=0
[Vulkan init] extensions: name=VK_KHR_dedicated_allocation, enabled=1
[Vulkan init] extensions: name=VK_KHR_deferred_host_operations, enabled=0
[Vulkan init] extensions: name=VK_KHR_depth_stencil_resolve, enabled=0
[Vulkan init] extensions: name=VK_KHR_descriptor_update_template, enabled=1
[Vulkan init] extensions: name=VK_KHR_device_group, enabled=0
[Vulkan init] extensions: name=VK_KHR_draw_indirect_count, enabled=0
[Vulkan init] extensions: name=VK_KHR_driver_properties, enabled=0
[Vulkan init] extensions: name=VK_KHR_dynamic_rendering, enabled=0
[Vulkan init] extensions: name=VK_KHR_external_fence, enabled=0
[Vulkan init] extensions: name=VK_KHR_external_fence_win32, enabled=0
[Vulkan init] extensions: name=VK_KHR_external_memory, enabled=0
[Vulkan init] extensions: name=VK_KHR_external_memory_win32, enabled=0
[Vulkan init] extensions: name=VK_KHR_external_semaphore, enabled=0
[Vulkan init] extensions: name=VK_KHR_external_semaphore_win32, enabled=0
[Vulkan init] extensions: name=VK_KHR_format_feature_flags2, enabled=0
[Vulkan init] extensions: name=VK_KHR_fragment_shading_rate, enabled=0
[Vulkan init] extensions: name=VK_KHR_get_memory_requirements2, enabled=1
[Vulkan init] extensions: name=VK_KHR_image_format_list, enabled=1
[Vulkan init] extensions: name=VK_KHR_imageless_framebuffer, enabled=0
[Vulkan init] extensions: name=VK_KHR_maintenance1, enabled=1
[Vulkan init] extensions: name=VK_KHR_maintenance2, enabled=1
[Vulkan init] extensions: name=VK_KHR_maintenance3, enabled=0
[Vulkan init] extensions: name=VK_KHR_maintenance4, enabled=0
[Vulkan init] extensions: name=VK_KHR_multiview, enabled=1
[Vulkan init] extensions: name=VK_KHR_pipeline_executable_properties, enabled=0
[Vulkan init] extensions: name=VK_KHR_pipeline_library, enabled=0
[Vulkan init] extensions: name=VK_KHR_present_id, enabled=0
[Vulkan init] extensions: name=VK_KHR_present_wait, enabled=0
[Vulkan init] extensions: name=VK_KHR_push_descriptor, enabled=0
[Vulkan init] extensions: name=VK_KHR_ray_query, enabled=0
[Vulkan init] extensions: name=VK_KHR_ray_tracing_pipeline, enabled=0
[Vulkan init] extensions: name=VK_KHR_relaxed_block_layout, enabled=0
[Vulkan init] extensions: name=VK_KHR_sampler_mirror_clamp_to_edge, enabled=1
[Vulkan init] extensions: name=VK_KHR_sampler_ycbcr_conversion, enabled=0
[Vulkan init] extensions: name=VK_KHR_separate_depth_stencil_layouts, enabled=0
[Vulkan init] extensions: name=VK_KHR_shader_atomic_int64, enabled=0
[Vulkan init] extensions: name=VK_KHR_shader_clock, enabled=0
[Vulkan init] extensions: name=VK_KHR_shader_draw_parameters, enabled=0
[Vulkan init] extensions: name=VK_KHR_shader_float16_int8, enabled=0
[Vulkan init] extensions: name=VK_KHR_shader_float_controls, enabled=0
[Vulkan init] extensions: name=VK_KHR_shader_integer_dot_product, enabled=0
[Vulkan init] extensions: name=VK_KHR_shader_non_semantic_info, enabled=0
[Vulkan init] extensions: name=VK_KHR_shader_subgroup_extended_types, enabled=0
[Vulkan init] extensions: name=VK_KHR_shader_subgroup_uniform_control_flow, enabled=0
[Vulkan init] extensions: name=VK_KHR_shader_terminate_invocation, enabled=0
[Vulkan init] extensions: name=VK_KHR_spirv_1_4, enabled=0
[Vulkan init] extensions: name=VK_KHR_storage_buffer_storage_class, enabled=0
[Vulkan init] extensions: name=VK_KHR_swapchain, enabled=1
[Vulkan init] extensions: name=VK_KHR_swapchain_mutable_format, enabled=0
[Vulkan init] extensions: name=VK_KHR_synchronization2, enabled=0
[Vulkan init] extensions: name=VK_KHR_timeline_semaphore, enabled=0
[Vulkan init] extensions: name=VK_KHR_uniform_buffer_standard_layout, enabled=0
[Vulkan init] extensions: name=VK_KHR_variable_pointers, enabled=0
[Vulkan init] extensions: name=VK_KHR_vulkan_memory_model, enabled=0
[Vulkan init] extensions: name=VK_KHR_win32_keyed_mutex, enabled=0
[Vulkan init] extensions: name=VK_KHR_workgroup_memory_explicit_layout, enabled=0
[Vulkan init] extensions: name=VK_KHR_zero_initialize_workgroup_memory, enabled=0
[Vulkan init] extensions: name=VK_EXT_4444_formats, enabled=0
[Vulkan init] extensions: name=VK_EXT_blend_operation_advanced, enabled=0
[Vulkan init] extensions: name=VK_EXT_border_color_swizzle, enabled=0
[Vulkan init] extensions: name=VK_EXT_buffer_device_address, enabled=0
[Vulkan init] extensions: name=VK_EXT_calibrated_timestamps, enabled=0
[Vulkan init] extensions: name=VK_EXT_color_write_enable, enabled=0
[Vulkan init] extensions: name=VK_EXT_conditional_rendering, enabled=0
[Vulkan init] extensions: name=VK_EXT_conservative_rasterization, enabled=0
[Vulkan init] extensions: name=VK_EXT_custom_border_color, enabled=0
[Vulkan init] extensions: name=VK_EXT_depth_clip_control, enabled=0
[Vulkan init] extensions: name=VK_EXT_depth_clip_enable, enabled=0
[Vulkan init] extensions: name=VK_EXT_depth_range_unrestricted, enabled=0
[Vulkan init] extensions: name=VK_EXT_descriptor_indexing, enabled=0
[Vulkan init] extensions: name=VK_EXT_discard_rectangles, enabled=0
[Vulkan init] extensions: name=VK_EXT_extended_dynamic_state, enabled=0
[Vulkan init] extensions: name=VK_EXT_extended_dynamic_state2, enabled=0
[Vulkan init] extensions: name=VK_EXT_external_memory_host, enabled=0
[Vulkan init] extensions: name=VK_EXT_fragment_shader_interlock, enabled=0
[Vulkan init] extensions: name=VK_EXT_full_screen_exclusive, enabled=0
[Vulkan init] extensions: name=VK_EXT_global_priority, enabled=0
[Vulkan init] extensions: name=VK_EXT_global_priority_query, enabled=0
[Vulkan init] extensions: name=VK_EXT_hdr_metadata, enabled=1
[Vulkan init] extensions: name=VK_EXT_host_query_reset, enabled=0
[Vulkan init] extensions: name=VK_EXT_image_robustness, enabled=0
[Vulkan init] extensions: name=VK_EXT_image_view_min_lod, enabled=0
[Vulkan init] extensions: name=VK_EXT_index_type_uint8, enabled=0
[Vulkan init] extensions: name=VK_EXT_inline_uniform_block, enabled=0
[Vulkan init] extensions: name=VK_EXT_line_rasterization, enabled=0
[Vulkan init] extensions: name=VK_EXT_load_store_op_none, enabled=0
[Vulkan init] extensions: name=VK_EXT_memory_budget, enabled=0
[Vulkan init] extensions: name=VK_EXT_memory_priority, enabled=0
[Vulkan init] extensions: name=VK_EXT_multi_draw, enabled=0
[Vulkan init] extensions: name=VK_EXT_pageable_device_local_memory, enabled=0
[Vulkan init] extensions: name=VK_EXT_pci_bus_info, enabled=0
[Vulkan init] extensions: name=VK_EXT_pipeline_creation_cache_control, enabled=0
[Vulkan init] extensions: name=VK_EXT_pipeline_creation_feedback, enabled=0
[Vulkan init] extensions: name=VK_EXT_post_depth_coverage, enabled=0
[Vulkan init] extensions: name=VK_EXT_primitive_topology_list_restart, enabled=0
[Vulkan init] extensions: name=VK_EXT_private_data, enabled=0
[Vulkan init] extensions: name=VK_EXT_provoking_vertex, enabled=0
[Vulkan init] extensions: name=VK_EXT_queue_family_foreign, enabled=0
[Vulkan init] extensions: name=VK_EXT_robustness2, enabled=0
[Vulkan init] extensions: name=VK_EXT_sample_locations, enabled=0
[Vulkan init] extensions: name=VK_EXT_sampler_filter_minmax, enabled=0
[Vulkan init] extensions: name=VK_EXT_scalar_block_layout, enabled=0
[Vulkan init] extensions: name=VK_EXT_separate_stencil_usage, enabled=0
[Vulkan init] extensions: name=VK_EXT_shader_atomic_float, enabled=0
[Vulkan init] extensions: name=VK_EXT_shader_demote_to_helper_invocation, enabled=0
[Vulkan init] extensions: name=VK_EXT_shader_image_atomic_int64, enabled=0
[Vulkan init] extensions: name=VK_EXT_shader_subgroup_ballot, enabled=0
[Vulkan init] extensions: name=VK_EXT_shader_subgroup_vote, enabled=0
[Vulkan init] extensions: name=VK_EXT_shader_viewport_index_layer, enabled=0
[Vulkan init] extensions: name=VK_EXT_subgroup_size_control, enabled=0
[Vulkan init] extensions: name=VK_EXT_texel_buffer_alignment, enabled=0
[Vulkan init] extensions: name=VK_EXT_tooling_info, enabled=0
[Vulkan init] extensions: name=VK_EXT_transform_feedback, enabled=0
[Vulkan init] extensions: name=VK_EXT_vertex_attribute_divisor, enabled=0
[Vulkan init] extensions: name=VK_EXT_vertex_input_dynamic_state, enabled=0
[Vulkan init] extensions: name=VK_EXT_ycbcr_2plane_444_formats, enabled=0
[Vulkan init] extensions: name=VK_EXT_ycbcr_image_arrays, enabled=0
[Vulkan init] extensions: name=VK_NV_acquire_winrt_display, enabled=0
[Vulkan init] extensions: name=VK_NV_clip_space_w_scaling, enabled=0
[Vulkan init] extensions: name=VK_NV_compute_shader_derivatives, enabled=0
[Vulkan init] extensions: name=VK_NV_cooperative_matrix, enabled=0
[Vulkan init] extensions: name=VK_NV_corner_sampled_image, enabled=0
[Vulkan init] extensions: name=VK_NV_coverage_reduction_mode, enabled=0
[Vulkan init] extensions: name=VK_NV_cuda_kernel_launch, enabled=0
[Vulkan init] extensions: name=VK_NV_dedicated_allocation, enabled=0
[Vulkan init] extensions: name=VK_NV_dedicated_allocation_image_aliasing, enabled=0
[Vulkan init] extensions: name=VK_NV_device_diagnostic_checkpoints, enabled=0
[Vulkan init] extensions: name=VK_NV_device_diagnostics_config, enabled=0
[Vulkan init] extensions: name=VK_NV_device_generated_commands, enabled=0
[Vulkan init] extensions: name=VK_NV_external_memory, enabled=0
[Vulkan init] extensions: name=VK_NV_external_memory_win32, enabled=0
[Vulkan init] extensions: name=VK_NV_fill_rectangle, enabled=0
[Vulkan init] extensions: name=VK_NV_fragment_coverage_to_color, enabled=0
[Vulkan init] extensions: name=VK_NV_fragment_shader_barycentric, enabled=0
[Vulkan init] extensions: name=VK_NV_fragment_shading_rate_enums, enabled=0
[Vulkan init] extensions: name=VK_NV_framebuffer_mixed_samples, enabled=0
[Vulkan init] extensions: name=VK_NV_geometry_shader_passthrough, enabled=0
[Vulkan init] extensions: name=VK_NV_inherited_viewport_scissor, enabled=0
[Vulkan init] extensions: name=VK_NV_mesh_shader, enabled=0
[Vulkan init] extensions: name=VK_NV_ray_tracing, enabled=0
[Vulkan init] extensions: name=VK_NV_representative_fragment_test, enabled=0
[Vulkan init] extensions: name=VK_NV_sample_mask_override_coverage, enabled=0
[Vulkan init] extensions: name=VK_NV_scissor_exclusive, enabled=0
[Vulkan init] extensions: name=VK_NV_shader_image_footprint, enabled=0
[Vulkan init] extensions: name=VK_NV_shader_sm_builtins, enabled=0
[Vulkan init] extensions: name=VK_NV_shader_subgroup_partitioned, enabled=0
[Vulkan init] extensions: name=VK_NV_shading_rate_image, enabled=0
[Vulkan init] extensions: name=VK_NV_viewport_array2, enabled=0
[Vulkan init] extensions: name=VK_NV_viewport_swizzle, enabled=0
[Vulkan init] extensions: name=VK_NV_win32_keyed_mutex, enabled=0
[Vulkan init] extensions: name=VK_NVX_binary_import, enabled=0
[Vulkan init] extensions: name=VK_NVX_image_view_handle, enabled=0
[Vulkan init] extensions: name=VK_NVX_multiview_per_view_attributes, enabled=0
Vulkan API version 1.1.0 (1.2.194 supported by driver)
Vulkan vendor=[NVIDIA] id=[10de]
Vulkan renderer=[NVIDIA GeForce RTX 2070 SUPER] id=[1e84]
Vulkan device type 2
Vulkan driverversion=[0x7fc5c000] uint=[2143666176]
Vulkan PSO: cache data not found [path=C:/Users/cbanw/AppData/Local/Temp/IronGate/Valheim/vulkan_pso_cache.bin]
Begin MonoManager ReloadAssembly
- Completed reload, in  0.061 seconds
Microsoft Media Foundation video decoding to texture disabled: graphics device is Vulkan, only Direct3D 11 and Direct3D 12 (only on desktop) are supported for hardware-accelerated video decoding.
<RI> Initializing input.
<RI> Input initialized.
InitializeOrResetSwapChain 3840x2160 hdr=0 samples=1
<RI> Initialized touch support.
UnloadTime: 0.441400 ms
[Message:   BepInEx] BepInEx 5.4.16.0 - valheim (11/10/2021 12:24:34 PM)
[Info   :   BepInEx] Running under Unity v2019.4.31.12409535
[Info   :   BepInEx] CLR runtime version: 4.0.30319.42000
[Info   :   BepInEx] Supports SRE: True
[Info   :   BepInEx] System platform: Bits64, Windows
[Message:   BepInEx] Preloader started
[Info   :   BepInEx] Loaded 1 patcher method from [BepInEx.Preloader 5.4.16.0]
[Info   :   BepInEx] 1 patcher plugin loaded
[Info   :   BepInEx] Patching [UnityEngine.CoreModule] with [BepInEx.Chainloader]
[Message:   BepInEx] Preloader finished
[Message:   BepInEx] Chainloader ready
[Message:   BepInEx] Chainloader started
[Info   :   BepInEx] 3 plugins to load
[Info   :   BepInEx] Loading [Clock Mod 1.4.3]
[Warning:  HarmonyX] AccessTools.DeclaredMethod: Could not find method for type Console and name InputText and parameters 
[Warning:  HarmonyX] Unknown patch - Could not find method InputText with 0 parameters in type Console, but it was found in base class of this type Terminal
[Info   :   BepInEx] Loading [UnrestrictedPortals 1.4.2]
[Message:UnrestrictedPortals] Loading configuration...
[Message:UnrestrictedPortals] Successfully loaded configuration.
[Message:UnrestrictedPortals] Loading patches...
Fallback handler could not load library F:/SteamLibrary/steamapps/common/Valheim/valheim_Data/Mono/data-00000126E8D44450.dll
[Message:UnrestrictedPortals] Successfully loaded patches.
[Info   :   BepInEx] Loading [Display BepInEx Info In-Game 2.0.0]
[Message:   BepInEx] Chainloader startup complete
02/06/2022 19:57:12: Starting to load scene:start
 
(Filename: C:\buildslave\unity\build\Runtime/Export/Debug/Debug.bindings.h Line: 39)

Couldn't create a Convex Mesh from source mesh "default" within the maximum polygons limit (256). The partial hull will be used. Consider simplifying your mesh. 
(Filename:  Line: 91)

Couldn't create a Convex Mesh from source mesh "default" within the maximum polygons limit (256). The partial hull will be used. Consider simplifying your mesh. 
(Filename:  Line: 91)

Unloading 6 Unused Serialized files (Serialized files now loaded: 0)
Setting up 8 worker threads for Enlighten.
  Thread -> id: 7338 -> priority: 1 
  Thread -> id: 6d3c -> priority: 1 
  Thread -> id: 4324 -> priority: 1 
  Thread -> id: 4444 -> priority: 1 
  Thread -> id: 7090 -> priority: 1 
  Thread -> id: 5b98 -> priority: 1 
  Thread -> id: 3ed0 -> priority: 1 
  Thread -> id: 6db4 -> priority: 1 
UnloadTime: 3.521500 ms
Only custom filters can be played. Please add a custom filter or an audioclip to the audiosource (Amb_MainMenu). 
(Filename:  Line: 516)

02/06/2022 19:57:16: Valheim version:0.206.5
 
(Filename: C:\buildslave\unity\build\Runtime/Export/Debug/Debug.bindings.h Line: 39)

02/06/2022 19:57:16: Render threading mode:MultiThreaded
 
(Filename: C:\buildslave\unity\build\Runtime/Export/Debug/Debug.bindings.h Line: 39)

02/06/2022 19:57:16: Using environment steamid 892970
 
(Filename: C:\buildslave\unity\build\Runtime/Export/Debug/Debug.bindings.h Line: 39)

02/06/2022 19:57:16: Using steam APPID:892970
 
(Filename: C:\buildslave\unity\build\Runtime/Export/Debug/Debug.bindings.h Line: 39)

02/06/2022 19:57:16: Authentication:k_ESteamNetworkingAvailability_Attempting
 
(Filename: C:\buildslave\unity\build\Runtime/Export/Debug/Debug.bindings.h Line: 39)

02/06/2022 19:57:16: Steam initialized, persona:CRISPY
 
(Filename: C:\buildslave\unity\build\Runtime/Export/Debug/Debug.bindings.h Line: 39)

02/06/2022 19:57:16: Missing audio clip in music respawn
 
(Filename: C:\buildslave\unity\build\Runtime/Export/Debug/Debug.bindings.h Line: 39)

02/06/2022 19:57:16: Checking for installed DLCs
 
(Filename: C:\buildslave\unity\build\Runtime/Export/Debug/Debug.bindings.h Line: 39)

02/06/2022 19:57:16: DLC:beta installed:False
 
(Filename: C:\buildslave\unity\build\Runtime/Export/Debug/Debug.bindings.h Line: 39)

02/06/2022 19:57:16: Builder started
 
(Filename: C:\buildslave\unity\build\Runtime/Export/Debug/Debug.bindings.h Line: 39)

02/06/2022 19:57:17: Loaded localization CSV:localization language:English
 
(Filename: C:\buildslave\unity\build\Runtime/Export/Debug/Debug.bindings.h Line: 39)

02/06/2022 19:57:17: Loaded localization CSV:localization_extra language:English
 
(Filename: C:\buildslave\unity\build\Runtime/Export/Debug/Debug.bindings.h Line: 39)

02/06/2022 19:57:17: Loaded localization CSV:localization language:English
 
(Filename: C:\buildslave\unity\build\Runtime/Export/Debug/Debug.bindings.h Line: 39)

02/06/2022 19:57:17: Loaded localization CSV:localization_extra language:English
 
(Filename: C:\buildslave\unity\build\Runtime/Export/Debug/Debug.bindings.h Line: 39)

02/06/2022 19:57:17: UI Group status changed Menu = True
 
(Filename: C:\buildslave\unity\build\Runtime/Export/Debug/Debug.bindings.h Line: 39)


Unloading 18 unused Assets to reduce memory usage. Loaded Objects now: 99826.
Total: 60.580000 ms (FindLiveObjects: 4.260600 ms CreateObjectMapping: 9.038900 ms MarkObjects: 46.939900 ms  DeleteObjects: 0.340000 ms)

02/06/2022 19:57:21: UI Group status changed Menu = True
 
(Filename: C:\buildslave\unity\build\Runtime/Export/Debug/Debug.bindings.h Line: 39)

02/06/2022 19:57:24: FOund selected Start game
 
(Filename: C:\buildslave\unity\build\Runtime/Export/Debug/Debug.bindings.h Line: 39)

02/06/2022 19:57:24: show character selection
 
(Filename: C:\buildslave\unity\build\Runtime/Export/Debug/Debug.bindings.h Line: 39)

02/06/2022 19:57:30: OnCharacterStart
 
(Filename: C:\buildslave\unity\build\Runtime/Export/Debug/Debug.bindings.h Line: 39)

Unloading 6 Unused Serialized files (Serialized files now loaded: 0)
UnloadTime: 8.487900 ms
02/06/2022 19:57:34: Loading player profile crispy
 
(Filename: C:\buildslave\unity\build\Runtime/Export/Debug/Debug.bindings.h Line: 39)

02/06/2022 19:57:34: Zonesystem Awake 853
 
(Filename: C:\buildslave\unity\build\Runtime/Export/Debug/Debug.bindings.h Line: 39)

02/06/2022 19:57:34: DungeonDB Awake 853
 
(Filename: C:\buildslave\unity\build\Runtime/Export/Debug/Debug.bindings.h Line: 39)

02/06/2022 19:57:34: Steam initialized, persona:CRISPY
 
(Filename: C:\buildslave\unity\build\Runtime/Export/Debug/Debug.bindings.h Line: 39)

getting fonts 
(Filename: C:\buildslave\unity\build\Runtime/Export/Debug/Debug.bindings.h Line: 39)

got font Norse 
(Filename: C:\buildslave\unity\build\Runtime/Export/Debug/Debug.bindings.h Line: 39)

02/06/2022 19:57:36: Audioman already exist, destroying self
 
(Filename: C:\buildslave\unity\build\Runtime/Export/Debug/Debug.bindings.h Line: 39)

02/06/2022 19:57:37: Checking for installed DLCs
 
(Filename: C:\buildslave\unity\build\Runtime/Export/Debug/Debug.bindings.h Line: 39)

02/06/2022 19:57:37: DLC:beta installed:False
 
(Filename: C:\buildslave\unity\build\Runtime/Export/Debug/Debug.bindings.h Line: 39)


Unloading 521 unused Assets to reduce memory usage. Loaded Objects now: 99651.
Total: 66.565000 ms (FindLiveObjects: 4.248600 ms CreateObjectMapping: 9.341300 ms MarkObjects: 51.971300 ms  DeleteObjects: 1.003500 ms)

02/06/2022 19:57:39: Zonesystem Start 853
 
(Filename: C:\buildslave\unity\build\Runtime/Export/Debug/Debug.bindings.h Line: 39)

02/06/2022 19:57:40: Added 3 locations, 0 vegetations, 0 environments, 0 biome env-setups from locations_cp1
 
(Filename: C:\buildslave\unity\build\Runtime/Export/Debug/Debug.bindings.h Line: 39)

02/06/2022 19:57:40: DungeonDB Start 853
 
(Filename: C:\buildslave\unity\build\Runtime/Export/Debug/Debug.bindings.h Line: 39)

02/06/2022 19:57:40: Load world CALISTADALANDv14
 
(Filename: C:\buildslave\unity\build\Runtime/Export/Debug/Debug.bindings.h Line: 39)

02/06/2022 19:57:40: Loading 53651 zdos , my id 314788716 data version:28
 
(Filename: C:\buildslave\unity\build\Runtime/Export/Debug/Debug.bindings.h Line: 39)

02/06/2022 19:57:40: Loaded 100000 dead zdos
 
(Filename: C:\buildslave\unity\build\Runtime/Export/Debug/Debug.bindings.h Line: 39)

02/06/2022 19:57:40: Removed 0 OLD generated ZDOS
 
(Filename: C:\buildslave\unity\build\Runtime/Export/Debug/Debug.bindings.h Line: 39)

02/06/2022 19:57:40: Loaded 7328 locations
 
(Filename: C:\buildslave\unity\build\Runtime/Export/Debug/Debug.bindings.h Line: 39)

02/06/2022 19:57:40: Starting respawn
 
(Filename: C:\buildslave\unity\build\Runtime/Export/Debug/Debug.bindings.h Line: 39)

02/06/2022 19:57:49: Unpacking compressed mapdata 9327
 
(Filename: C:\buildslave\unity\build\Runtime/Export/Debug/Debug.bindings.h Line: 39)

02/06/2022 19:57:50: tip:$loadscreen_tip12
 
(Filename: C:\buildslave\unity\build\Runtime/Export/Debug/Debug.bindings.h Line: 39)

02/06/2022 19:57:57: Done fading color
 
(Filename: C:\buildslave\unity\build\Runtime/Export/Debug/Debug.bindings.h Line: 39)

02/06/2022 19:57:58: Spawned after 8.019994
 
(Filename: C:\buildslave\unity\build\Runtime/Export/Debug/Debug.bindings.h Line: 39)

02/06/2022 19:57:58: Minimap: Adding unique location (-1.1, 33.0, 256.9)
 
(Filename: C:\buildslave\unity\build\Runtime/Export/Debug/Debug.bindings.h Line: 39)

02/06/2022 19:57:59: Resumed music home at 0
 
(Filename: C:\buildslave\unity\build\Runtime/Export/Debug/Debug.bindings.h Line: 39)

02/06/2022 19:58:12: Stopped music home at 579778
 
(Filename: C:\buildslave\unity\build\Runtime/Export/Debug/Debug.bindings.h Line: 39)

02/06/2022 19:58:12: Resumed music home at 579778
 
(Filename: C:\buildslave\unity\build\Runtime/Export/Debug/Debug.bindings.h Line: 39)

02/06/2022 19:58:15: Force generaeting hmap (0.0, 0.0, 512.0)
 
(Filename: C:\buildslave\unity\build\Runtime/Export/Debug/Debug.bindings.h Line: 39)

02/06/2022 19:58:16: Loading dungeon
 
(Filename: C:\buildslave\unity\build\Runtime/Export/Debug/Debug.bindings.h Line: 39)

02/06/2022 19:58:16: Dungeon loaded 17
 
(Filename: C:\buildslave\unity\build\Runtime/Export/Debug/Debug.bindings.h Line: 39)

02/06/2022 19:58:16: Dungeon load time 67.0006 ms
 
(Filename: C:\buildslave\unity\build\Runtime/Export/Debug/Debug.bindings.h Line: 39)

02/06/2022 19:58:25: Force generaeting hmap (0.0, 0.0, 512.0)
 
(Filename: C:\buildslave\unity\build\Runtime/Export/Debug/Debug.bindings.h Line: 39)

02/06/2022 19:58:30: Stopped music home at 1342059
 
(Filename: C:\buildslave\unity\build\Runtime/Export/Debug/Debug.bindings.h Line: 39)

02/06/2022 19:58:30: Resumed music meadows at 0
 
(Filename: C:\buildslave\unity\build\Runtime/Export/Debug/Debug.bindings.h Line: 39)

02/06/2022 19:58:38: Loading dungeon
 
(Filename: C:\buildslave\unity\build\Runtime/Export/Debug/Debug.bindings.h Line: 39)

02/06/2022 19:58:38: Dungeon loaded 17
 
(Filename: C:\buildslave\unity\build\Runtime/Export/Debug/Debug.bindings.h Line: 39)

02/06/2022 19:58:38: Dungeon load time 63.501 ms
 
(Filename: C:\buildslave\unity\build\Runtime/Export/Debug/Debug.bindings.h Line: 39)

02/06/2022 19:58:39: Stopped music meadows at 425329
 
(Filename: C:\buildslave\unity\build\Runtime/Export/Debug/Debug.bindings.h Line: 39)

02/06/2022 19:58:39: Resumed music home at 1342059
 
(Filename: C:\buildslave\unity\build\Runtime/Export/Debug/Debug.bindings.h Line: 39)

02/06/2022 19:58:43: Force generaeting hmap (0.0, 0.0, 512.0)
 
(Filename: C:\buildslave\unity\build\Runtime/Export/Debug/Debug.bindings.h Line: 39)

02/06/2022 19:58:48: Stopped music home at 1725182
 
(Filename: C:\buildslave\unity\build\Runtime/Export/Debug/Debug.bindings.h Line: 39)

02/06/2022 19:58:48: Resumed music meadows at 425329
 
(Filename: C:\buildslave\unity\build\Runtime/Export/Debug/Debug.bindings.h Line: 39)

02/06/2022 19:59:01: Force generaeting hmap (0.0, 0.0, 512.0)
 
(Filename: C:\buildslave\unity\build\Runtime/Export/Debug/Debug.bindings.h Line: 39)

02/06/2022 19:59:02: Loading dungeon
 
(Filename: C:\buildslave\unity\build\Runtime/Export/Debug/Debug.bindings.h Line: 39)

02/06/2022 19:59:02: Dungeon loaded 17
 
(Filename: C:\buildslave\unity\build\Runtime/Export/Debug/Debug.bindings.h Line: 39)

02/06/2022 19:59:02: Dungeon load time 66.0009 ms
 
(Filename: C:\buildslave\unity\build\Runtime/Export/Debug/Debug.bindings.h Line: 39)

02/06/2022 19:59:10: Stopped music meadows at 1391105
 
(Filename: C:\buildslave\unity\build\Runtime/Export/Debug/Debug.bindings.h Line: 39)

02/06/2022 19:59:10: Resumed music meadows at 1391105
 
(Filename: C:\buildslave\unity\build\Runtime/Export/Debug/Debug.bindings.h Line: 39)

02/06/2022 19:59:29: Force generaeting hmap (0.0, 0.0, 512.0)
 
(Filename: C:\buildslave\unity\build\Runtime/Export/Debug/Debug.bindings.h Line: 39)

02/06/2022 19:59:30: Loading dungeon
 
(Filename: C:\buildslave\unity\build\Runtime/Export/Debug/Debug.bindings.h Line: 39)

02/06/2022 19:59:30: Dungeon loaded 17
 
(Filename: C:\buildslave\unity\build\Runtime/Export/Debug/Debug.bindings.h Line: 39)

02/06/2022 19:59:30: Dungeon load time 62.0031 ms
 
(Filename: C:\buildslave\unity\build\Runtime/Export/Debug/Debug.bindings.h Line: 39)

02/06/2022 19:59:34: Force generaeting hmap (0.0, 0.0, 512.0)
 
(Filename: C:\buildslave\unity\build\Runtime/Export/Debug/Debug.bindings.h Line: 39)

02/06/2022 19:59:35: Loading dungeon
 
(Filename: C:\buildslave\unity\build\Runtime/Export/Debug/Debug.bindings.h Line: 39)

02/06/2022 19:59:35: Dungeon loaded 17
 
(Filename: C:\buildslave\unity\build\Runtime/Export/Debug/Debug.bindings.h Line: 39)

02/06/2022 19:59:35: Dungeon load time 61.0019 ms
 
(Filename: C:\buildslave\unity\build\Runtime/Export/Debug/Debug.bindings.h Line: 39)

02/06/2022 19:59:48: Force generaeting hmap (0.0, 0.0, 512.0)
 
(Filename: C:\buildslave\unity\build\Runtime/Export/Debug/Debug.bindings.h Line: 39)

02/06/2022 19:59:49: Loading dungeon
 
(Filename: C:\buildslave\unity\build\Runtime/Export/Debug/Debug.bindings.h Line: 39)

02/06/2022 19:59:49: Dungeon loaded 17
 
(Filename: C:\buildslave\unity\build\Runtime/Export/Debug/Debug.bindings.h Line: 39)

02/06/2022 19:59:49: Dungeon load time 63.0009 ms
 
(Filename: C:\buildslave\unity\build\Runtime/Export/Debug/Debug.bindings.h Line: 39)

02/06/2022 19:59:54: Stopped music meadows at 3306879
 
(Filename: C:\buildslave\unity\build\Runtime/Export/Debug/Debug.bindings.h Line: 39)

02/06/2022 19:59:54: Resumed music meadows at 3306879
 
(Filename: C:\buildslave\unity\build\Runtime/Export/Debug/Debug.bindings.h Line: 39)

02/06/2022 19:59:56: Stopped music meadows at 3414472
 
(Filename: C:\buildslave\unity\build\Runtime/Export/Debug/Debug.bindings.h Line: 39)

02/06/2022 19:59:56: Resumed music home at 1725182
 
(Filename: C:\buildslave\unity\build\Runtime/Export/Debug/Debug.bindings.h Line: 39)

02/06/2022 19:59:57: Stopped music home at 1760517
 
(Filename: C:\buildslave\unity\build\Runtime/Export/Debug/Debug.bindings.h Line: 39)

02/06/2022 19:59:57: Resumed music meadows at 3414472
 
(Filename: C:\buildslave\unity\build\Runtime/Export/Debug/Debug.bindings.h Line: 39)

02/06/2022 20:00:07: Force generaeting hmap (0.0, 0.0, 512.0)
 
(Filename: C:\buildslave\unity\build\Runtime/Export/Debug/Debug.bindings.h Line: 39)

02/06/2022 20:00:08: Loading dungeon
 
(Filename: C:\buildslave\unity\build\Runtime/Export/Debug/Debug.bindings.h Line: 39)

02/06/2022 20:00:08: Dungeon loaded 17
 
(Filename: C:\buildslave\unity\build\Runtime/Export/Debug/Debug.bindings.h Line: 39)

02/06/2022 20:00:08: Dungeon load time 68.0031 ms
 
(Filename: C:\buildslave\unity\build\Runtime/Export/Debug/Debug.bindings.h Line: 39)

02/06/2022 20:00:12: Stopped music meadows at 4064387
 
(Filename: C:\buildslave\unity\build\Runtime/Export/Debug/Debug.bindings.h Line: 39)

02/06/2022 20:00:12: Resumed music meadows at 4064387
 
(Filename: C:\buildslave\unity\build\Runtime/Export/Debug/Debug.bindings.h Line: 39)

02/06/2022 20:00:39: Placed woodwall
 
(Filename: C:\buildslave\unity\build\Runtime/Export/Debug/Debug.bindings.h Line: 39)

02/06/2022 20:00:45: Placed woodwall
 
(Filename: C:\buildslave\unity\build\Runtime/Export/Debug/Debug.bindings.h Line: 39)

02/06/2022 20:00:47: Placed woodwall
 
(Filename: C:\buildslave\unity\build\Runtime/Export/Debug/Debug.bindings.h Line: 39)

02/06/2022 20:00:49: Placed woodwall
 
(Filename: C:\buildslave\unity\build\Runtime/Export/Debug/Debug.bindings.h Line: 39)

02/06/2022 20:01:03: Placed wood_roof
 
(Filename: C:\buildslave\unity\build\Runtime/Export/Debug/Debug.bindings.h Line: 39)

02/06/2022 20:01:13: Placed wood_wall_quarter
 
(Filename: C:\buildslave\unity\build\Runtime/Export/Debug/Debug.bindings.h Line: 39)

02/06/2022 20:01:14: Placed wood_wall_quarter
 
(Filename: C:\buildslave\unity\build\Runtime/Export/Debug/Debug.bindings.h Line: 39)

02/06/2022 20:01:14: Placed wood_wall_quarter
 
(Filename: C:\buildslave\unity\build\Runtime/Export/Debug/Debug.bindings.h Line: 39)

02/06/2022 20:01:15: Placed wood_wall_quarter
 
(Filename: C:\buildslave\unity\build\Runtime/Export/Debug/Debug.bindings.h Line: 39)

02/06/2022 20:01:25: Placed wood_wall_roof_45_upsidedown
 
(Filename: C:\buildslave\unity\build\Runtime/Export/Debug/Debug.bindings.h Line: 39)

02/06/2022 20:01:29: Placed wood_wall_roof_45_upsidedown
 
(Filename: C:\buildslave\unity\build\Runtime/Export/Debug/Debug.bindings.h Line: 39)

02/06/2022 20:01:33: Placed wood_pole2
 
(Filename: C:\buildslave\unity\build\Runtime/Export/Debug/Debug.bindings.h Line: 39)

02/06/2022 20:01:35: Placed wood_pole2
 
(Filename: C:\buildslave\unity\build\Runtime/Export/Debug/Debug.bindings.h Line: 39)

02/06/2022 20:02:20: Force generaeting hmap (0.0, 0.0, 512.0)
 
(Filename: C:\buildslave\unity\build\Runtime/Export/Debug/Debug.bindings.h Line: 39)

02/06/2022 20:02:21: Stopped music meadows at 67397
 
(Filename: C:\buildslave\unity\build\Runtime/Export/Debug/Debug.bindings.h Line: 39)

02/06/2022 20:02:21: Resumed music home at 1760517
 
(Filename: C:\buildslave\unity\build\Runtime/Export/Debug/Debug.bindings.h Line: 39)

02/06/2022 20:02:21: Loading dungeon
 
(Filename: C:\buildslave\unity\build\Runtime/Export/Debug/Debug.bindings.h Line: 39)

02/06/2022 20:02:21: Dungeon loaded 17
 
(Filename: C:\buildslave\unity\build\Runtime/Export/Debug/Debug.bindings.h Line: 39)

02/06/2022 20:02:21: Dungeon load time 66.5016 ms
 
(Filename: C:\buildslave\unity\build\Runtime/Export/Debug/Debug.bindings.h Line: 39)

02/06/2022 20:02:46: Placed piece_chest
 
(Filename: C:\buildslave\unity\build\Runtime/Export/Debug/Debug.bindings.h Line: 39)

02/06/2022 20:02:56: Placed wood_floor_1x1
 
(Filename: C:\buildslave\unity\build\Runtime/Export/Debug/Debug.bindings.h Line: 39)

02/06/2022 20:02:58: Placed wood_floor_1x1
 
(Filename: C:\buildslave\unity\build\Runtime/Export/Debug/Debug.bindings.h Line: 39)

02/06/2022 20:03:08: Placed piece_chest
 
(Filename: C:\buildslave\unity\build\Runtime/Export/Debug/Debug.bindings.h Line: 39)

02/06/2022 20:03:30: Force generaeting hmap (0.0, 0.0, 512.0)
 
(Filename: C:\buildslave\unity\build\Runtime/Export/Debug/Debug.bindings.h Line: 39)

02/06/2022 20:03:31: Loading dungeon
 
(Filename: C:\buildslave\unity\build\Runtime/Export/Debug/Debug.bindings.h Line: 39)

02/06/2022 20:03:31: Dungeon loaded 17
 
(Filename: C:\buildslave\unity\build\Runtime/Export/Debug/Debug.bindings.h Line: 39)

02/06/2022 20:03:31: Dungeon load time 69.5008 ms
 
(Filename: C:\buildslave\unity\build\Runtime/Export/Debug/Debug.bindings.h Line: 39)

02/06/2022 20:03:53: Force generaeting hmap (0.0, 0.0, 512.0)
 
(Filename: C:\buildslave\unity\build\Runtime/Export/Debug/Debug.bindings.h Line: 39)

02/06/2022 20:03:55: Loading dungeon
 
(Filename: C:\buildslave\unity\build\Runtime/Export/Debug/Debug.bindings.h Line: 39)

02/06/2022 20:03:55: Dungeon loaded 17
 
(Filename: C:\buildslave\unity\build\Runtime/Export/Debug/Debug.bindings.h Line: 39)

02/06/2022 20:03:55: Dungeon load time 61.0023 ms
 
(Filename: C:\buildslave\unity\build\Runtime/Export/Debug/Debug.bindings.h Line: 39)

02/06/2022 20:03:55: Placed piece_chest
 
(Filename: C:\buildslave\unity\build\Runtime/Export/Debug/Debug.bindings.h Line: 39)

02/06/2022 20:04:05: Placed wood_floor
 
(Filename: C:\buildslave\unity\build\Runtime/Export/Debug/Debug.bindings.h Line: 39)

02/06/2022 20:04:22: Placed piece_chest
 
(Filename: C:\buildslave\unity\build\Runtime/Export/Debug/Debug.bindings.h Line: 39)

02/06/2022 20:04:24: Force generaeting hmap (0.0, 0.0, 512.0)
 
(Filename: C:\buildslave\unity\build\Runtime/Export/Debug/Debug.bindings.h Line: 39)

02/06/2022 20:04:25: Loading dungeon
 
(Filename: C:\buildslave\unity\build\Runtime/Export/Debug/Debug.bindings.h Line: 39)

02/06/2022 20:04:25: Dungeon loaded 17
 
(Filename: C:\buildslave\unity\build\Runtime/Export/Debug/Debug.bindings.h Line: 39)

02/06/2022 20:04:25: Dungeon load time 62.0022 ms
 
(Filename: C:\buildslave\unity\build\Runtime/Export/Debug/Debug.bindings.h Line: 39)

02/06/2022 20:04:28: Placed wood_floor_1x1
 
(Filename: C:\buildslave\unity\build\Runtime/Export/Debug/Debug.bindings.h Line: 39)

02/06/2022 20:04:29: Placed wood_floor_1x1
 
(Filename: C:\buildslave\unity\build\Runtime/Export/Debug/Debug.bindings.h Line: 39)

02/06/2022 20:04:36: Placed piece_chest
 
(Filename: C:\buildslave\unity\build\Runtime/Export/Debug/Debug.bindings.h Line: 39)

02/06/2022 20:04:46: Placed piece_chest
 
(Filename: C:\buildslave\unity\build\Runtime/Export/Debug/Debug.bindings.h Line: 39)

02/06/2022 20:04:52: Stopped music home at 275571
 
(Filename: C:\buildslave\unity\build\Runtime/Export/Debug/Debug.bindings.h Line: 39)

02/06/2022 20:04:52: Resumed music meadows at 67397
 
(Filename: C:\buildslave\unity\build\Runtime/Export/Debug/Debug.bindings.h Line: 39)

02/06/2022 20:04:58: Placed woodwall
 
(Filename: C:\buildslave\unity\build\Runtime/Export/Debug/Debug.bindings.h Line: 39)

02/06/2022 20:05:06: Placed wood_wall_quarter
 
(Filename: C:\buildslave\unity\build\Runtime/Export/Debug/Debug.bindings.h Line: 39)

02/06/2022 20:05:12: Stopped music meadows at 920399
 
(Filename: C:\buildslave\unity\build\Runtime/Export/Debug/Debug.bindings.h Line: 39)

02/06/2022 20:05:12: Resumed music home at 275571
 
(Filename: C:\buildslave\unity\build\Runtime/Export/Debug/Debug.bindings.h Line: 39)

02/06/2022 20:05:22: Placed wood_wall_roof
 
(Filename: C:\buildslave\unity\build\Runtime/Export/Debug/Debug.bindings.h Line: 39)

02/06/2022 20:05:28: Placed wood_wall_roof
 
(Filename: C:\buildslave\unity\build\Runtime/Export/Debug/Debug.bindings.h Line: 39)

02/06/2022 20:05:30: Force generaeting hmap (0.0, 0.0, 512.0)
 
(Filename: C:\buildslave\unity\build\Runtime/Export/Debug/Debug.bindings.h Line: 39)

02/06/2022 20:05:32: Loading dungeon
 
(Filename: C:\buildslave\unity\build\Runtime/Export/Debug/Debug.bindings.h Line: 39)

02/06/2022 20:05:32: Dungeon loaded 17
 
(Filename: C:\buildslave\unity\build\Runtime/Export/Debug/Debug.bindings.h Line: 39)

02/06/2022 20:05:32: Dungeon load time 59.0009 ms
 
(Filename: C:\buildslave\unity\build\Runtime/Export/Debug/Debug.bindings.h Line: 39)

02/06/2022 20:05:41: Stopped music home at 1581369
 
(Filename: C:\buildslave\unity\build\Runtime/Export/Debug/Debug.bindings.h Line: 39)

02/06/2022 20:05:41: Resumed music meadows at 920399
 
(Filename: C:\buildslave\unity\build\Runtime/Export/Debug/Debug.bindings.h Line: 39)

02/06/2022 20:05:42: Force generaeting hmap (0.0, 0.0, 512.0)
 
(Filename: C:\buildslave\unity\build\Runtime/Export/Debug/Debug.bindings.h Line: 39)

02/06/2022 20:05:43: Loading dungeon
 
(Filename: C:\buildslave\unity\build\Runtime/Export/Debug/Debug.bindings.h Line: 39)

02/06/2022 20:05:43: Dungeon loaded 17
 
(Filename: C:\buildslave\unity\build\Runtime/Export/Debug/Debug.bindings.h Line: 39)

02/06/2022 20:05:43: Dungeon load time 59.5003 ms
 
(Filename: C:\buildslave\unity\build\Runtime/Export/Debug/Debug.bindings.h Line: 39)

02/06/2022 20:05:45: Placed wood_wall_roof
 
(Filename: C:\buildslave\unity\build\Runtime/Export/Debug/Debug.bindings.h Line: 39)

02/06/2022 20:05:49: Placed wood_roof
 
(Filename: C:\buildslave\unity\build\Runtime/Export/Debug/Debug.bindings.h Line: 39)

02/06/2022 20:06:01: Stopped music meadows at 1771333
 
(Filename: C:\buildslave\unity\build\Runtime/Export/Debug/Debug.bindings.h Line: 39)

02/06/2022 20:06:01: Resumed music home at 1581369
 
(Filename: C:\buildslave\unity\build\Runtime/Export/Debug/Debug.bindings.h Line: 39)

02/06/2022 20:06:03: Placed wood_wall_half
 
(Filename: C:\buildslave\unity\build\Runtime/Export/Debug/Debug.bindings.h Line: 39)

02/06/2022 20:06:07: Placed woodwall
 
(Filename: C:\buildslave\unity\build\Runtime/Export/Debug/Debug.bindings.h Line: 39)

02/06/2022 20:06:14: Placed wood_wall_roof
 
(Filename: C:\buildslave\unity\build\Runtime/Export/Debug/Debug.bindings.h Line: 39)

02/06/2022 20:06:24: Placed sign
 
(Filename: C:\buildslave\unity\build\Runtime/Export/Debug/Debug.bindings.h Line: 39)

02/06/2022 20:06:26: Placed sign
 
(Filename: C:\buildslave\unity\build\Runtime/Export/Debug/Debug.bindings.h Line: 39)

02/06/2022 20:06:36: UI Group status changed MenuRoot = True
 
(Filename: C:\buildslave\unity\build\Runtime/Export/Debug/Debug.bindings.h Line: 39)

02/06/2022 20:06:49: Placed woodwall
 
(Filename: C:\buildslave\unity\build\Runtime/Export/Debug/Debug.bindings.h Line: 39)

02/06/2022 20:06:51: Placed woodwall
 
(Filename: C:\buildslave\unity\build\Runtime/Export/Debug/Debug.bindings.h Line: 39)

02/06/2022 20:06:52: Placed woodwall
 
(Filename: C:\buildslave\unity\build\Runtime/Export/Debug/Debug.bindings.h Line: 39)

02/06/2022 20:06:53: Placed woodwall
 
(Filename: C:\buildslave\unity\build\Runtime/Export/Debug/Debug.bindings.h Line: 39)

02/06/2022 20:06:57: Disabling PlayerBase  character_trigger
 
(Filename: C:\buildslave\unity\build\Runtime/Export/Debug/Debug.bindings.h Line: 39)

02/06/2022 20:07:06: Placed wood_wall_half
 
(Filename: C:\buildslave\unity\build\Runtime/Export/Debug/Debug.bindings.h Line: 39)

02/06/2022 20:07:06: Force generaeting hmap (0.0, 0.0, 512.0)
 
(Filename: C:\buildslave\unity\build\Runtime/Export/Debug/Debug.bindings.h Line: 39)

02/06/2022 20:07:07: Loading dungeon
 
(Filename: C:\buildslave\unity\build\Runtime/Export/Debug/Debug.bindings.h Line: 39)

02/06/2022 20:07:07: Dungeon loaded 17
 
(Filename: C:\buildslave\unity\build\Runtime/Export/Debug/Debug.bindings.h Line: 39)

02/06/2022 20:07:07: Dungeon load time 61.0016 ms
 
(Filename: C:\buildslave\unity\build\Runtime/Export/Debug/Debug.bindings.h Line: 39)

02/06/2022 20:07:07: Placed wood_wall_half
 
(Filename: C:\buildslave\unity\build\Runtime/Export/Debug/Debug.bindings.h Line: 39)

02/06/2022 20:07:08: Placed wood_wall_half
 
(Filename: C:\buildslave\unity\build\Runtime/Export/Debug/Debug.bindings.h Line: 39)

02/06/2022 20:07:10: Placed wood_wall_half
 
(Filename: C:\buildslave\unity\build\Runtime/Export/Debug/Debug.bindings.h Line: 39)

02/06/2022 20:07:11: Disabling PlayerBase  character_trigger
 
(Filename: C:\buildslave\unity\build\Runtime/Export/Debug/Debug.bindings.h Line: 39)

02/06/2022 20:07:20: Placed bed
 
(Filename: C:\buildslave\unity\build\Runtime/Export/Debug/Debug.bindings.h Line: 39)

02/06/2022 20:07:20: Disabling PlayerBase  character_trigger
 
(Filename: C:\buildslave\unity\build\Runtime/Export/Debug/Debug.bindings.h Line: 39)

02/06/2022 20:07:26: Placed bed
 
(Filename: C:\buildslave\unity\build\Runtime/Export/Debug/Debug.bindings.h Line: 39)

02/06/2022 20:07:26: Disabling PlayerBase  character_trigger
 
(Filename: C:\buildslave\unity\build\Runtime/Export/Debug/Debug.bindings.h Line: 39)

02/06/2022 20:07:29: Placed bed
 
(Filename: C:\buildslave\unity\build\Runtime/Export/Debug/Debug.bindings.h Line: 39)

02/06/2022 20:07:29: Disabling PlayerBase  character_trigger
 
(Filename: C:\buildslave\unity\build\Runtime/Export/Debug/Debug.bindings.h Line: 39)

02/06/2022 20:07:36: Stopped music home at 5806953
 
(Filename: C:\buildslave\unity\build\Runtime/Export/Debug/Debug.bindings.h Line: 39)

02/06/2022 20:07:36: Resumed music home at 5806953
 
(Filename: C:\buildslave\unity\build\Runtime/Export/Debug/Debug.bindings.h Line: 39)

02/06/2022 20:07:44: Placed piece_chair
 
(Filename: C:\buildslave\unity\build\Runtime/Export/Debug/Debug.bindings.h Line: 39)

02/06/2022 20:07:46: Placed piece_chair
 
(Filename: C:\buildslave\unity\build\Runtime/Export/Debug/Debug.bindings.h Line: 39)

02/06/2022 20:07:49: Placed piece_chair
 
(Filename: C:\buildslave\unity\build\Runtime/Export/Debug/Debug.bindings.h Line: 39)

Unloading 6 Unused Serialized files (Serialized files now loaded: 0)

Unloading 12425 unused Assets to reduce memory usage. Loaded Objects now: 1673153.
Total: 557.787800 ms (FindLiveObjects: 126.664300 ms CreateObjectMapping: 28.116300 ms MarkObjects: 375.429100 ms  DeleteObjects: 27.577800 ms)

02/06/2022 20:07:56: Placed rug_deer
 
(Filename: C:\buildslave\unity\build\Runtime/Export/Debug/Debug.bindings.h Line: 39)

02/06/2022 20:07:57: Placed rug_deer
 
(Filename: C:\buildslave\unity\build\Runtime/Export/Debug/Debug.bindings.h Line: 39)

02/06/2022 20:07:58: Placed rug_deer
 
(Filename: C:\buildslave\unity\build\Runtime/Export/Debug/Debug.bindings.h Line: 39)

02/06/2022 20:08:02: Force generaeting hmap (0.0, 0.0, 512.0)
 
(Filename: C:\buildslave\unity\build\Runtime/Export/Debug/Debug.bindings.h Line: 39)

02/06/2022 20:08:03: Loading dungeon
 
(Filename: C:\buildslave\unity\build\Runtime/Export/Debug/Debug.bindings.h Line: 39)

02/06/2022 20:08:03: Dungeon loaded 17
 
(Filename: C:\buildslave\unity\build\Runtime/Export/Debug/Debug.bindings.h Line: 39)

02/06/2022 20:08:03: Dungeon load time 60.5013 ms
 
(Filename: C:\buildslave\unity\build\Runtime/Export/Debug/Debug.bindings.h Line: 39)

02/06/2022 20:08:06: Disabling PlayerBase  character_trigger
 
(Filename: C:\buildslave\unity\build\Runtime/Export/Debug/Debug.bindings.h Line: 39)

02/06/2022 20:08:09: Placed piece_walltorch
 
(Filename: C:\buildslave\unity\build\Runtime/Export/Debug/Debug.bindings.h Line: 39)

02/06/2022 20:08:09: Disabling PlayerBase  character_trigger
 
(Filename: C:\buildslave\unity\build\Runtime/Export/Debug/Debug.bindings.h Line: 39)

02/06/2022 20:08:09: Disabling PlayerBase  character_trigger
 
(Filename: C:\buildslave\unity\build\Runtime/Export/Debug/Debug.bindings.h Line: 39)

02/06/2022 20:08:09: Disabling PlayerBase  character_trigger
 
(Filename: C:\buildslave\unity\build\Runtime/Export/Debug/Debug.bindings.h Line: 39)

02/06/2022 20:08:10: Disabling PlayerBase  character_trigger
 
(Filename: C:\buildslave\unity\build\Runtime/Export/Debug/Debug.bindings.h Line: 39)

02/06/2022 20:08:11: Placed piece_walltorch
 
(Filename: C:\buildslave\unity\build\Runtime/Export/Debug/Debug.bindings.h Line: 39)

02/06/2022 20:08:11: Disabling PlayerBase  character_trigger
 
(Filename: C:\buildslave\unity\build\Runtime/Export/Debug/Debug.bindings.h Line: 39)

02/06/2022 20:08:11: Disabling PlayerBase  character_trigger
 
(Filename: C:\buildslave\unity\build\Runtime/Export/Debug/Debug.bindings.h Line: 39)

02/06/2022 20:08:11: Disabling PlayerBase  character_trigger
 
(Filename: C:\buildslave\unity\build\Runtime/Export/Debug/Debug.bindings.h Line: 39)

02/06/2022 20:08:23: Force generaeting hmap (0.0, 0.0, 512.0)
 
(Filename: C:\buildslave\unity\build\Runtime/Export/Debug/Debug.bindings.h Line: 39)

02/06/2022 20:08:24: Loading dungeon
 
(Filename: C:\buildslave\unity\build\Runtime/Export/Debug/Debug.bindings.h Line: 39)

02/06/2022 20:08:24: Dungeon loaded 17
 
(Filename: C:\buildslave\unity\build\Runtime/Export/Debug/Debug.bindings.h Line: 39)

02/06/2022 20:08:24: Dungeon load time 60.0001 ms
 
(Filename: C:\buildslave\unity\build\Runtime/Export/Debug/Debug.bindings.h Line: 39)

02/06/2022 20:08:38: Placed wood_wall_half
 
(Filename: C:\buildslave\unity\build\Runtime/Export/Debug/Debug.bindings.h Line: 39)

02/06/2022 20:08:48: Placed wood_wall_quarter
 
(Filename: C:\buildslave\unity\build\Runtime/Export/Debug/Debug.bindings.h Line: 39)

02/06/2022 20:08:51: Placed wood_wall_quarter
 
(Filename: C:\buildslave\unity\build\Runtime/Export/Debug/Debug.bindings.h Line: 39)

02/06/2022 20:08:55: Placed wood_beam
 
(Filename: C:\buildslave\unity\build\Runtime/Export/Debug/Debug.bindings.h Line: 39)

02/06/2022 20:09:00: Stopped music home at 1352767
 
(Filename: C:\buildslave\unity\build\Runtime/Export/Debug/Debug.bindings.h Line: 39)

02/06/2022 20:09:00: Resumed music meadows at 1771333
 
(Filename: C:\buildslave\unity\build\Runtime/Export/Debug/Debug.bindings.h Line: 39)

02/06/2022 20:09:11: Placed wood_beam_1
 
(Filename: C:\buildslave\unity\build\Runtime/Export/Debug/Debug.bindings.h Line: 39)

02/06/2022 20:09:13: Placed wood_beam_1
 
(Filename: C:\buildslave\unity\build\Runtime/Export/Debug/Debug.bindings.h Line: 39)

02/06/2022 20:09:21: Placed wood_roof
 
(Filename: C:\buildslave\unity\build\Runtime/Export/Debug/Debug.bindings.h Line: 39)

02/06/2022 20:09:26: Placed wood_roof
 
(Filename: C:\buildslave\unity\build\Runtime/Export/Debug/Debug.bindings.h Line: 39)

02/06/2022 20:09:31: Force generaeting hmap (0.0, 0.0, 512.0)
 
(Filename: C:\buildslave\unity\build\Runtime/Export/Debug/Debug.bindings.h Line: 39)

02/06/2022 20:09:32: Stopped music meadows at 3180667
 
(Filename: C:\buildslave\unity\build\Runtime/Export/Debug/Debug.bindings.h Line: 39)

02/06/2022 20:09:32: Resumed music home at 1352767
 
(Filename: C:\buildslave\unity\build\Runtime/Export/Debug/Debug.bindings.h Line: 39)

02/06/2022 20:09:44: Placed wood_wall_roof_upsidedown
 
(Filename: C:\buildslave\unity\build\Runtime/Export/Debug/Debug.bindings.h Line: 39)

02/06/2022 20:09:46: Force generaeting hmap (0.0, 0.0, 512.0)
 
(Filename: C:\buildslave\unity\build\Runtime/Export/Debug/Debug.bindings.h Line: 39)

02/06/2022 20:09:47: Loading dungeon
 
(Filename: C:\buildslave\unity\build\Runtime/Export/Debug/Debug.bindings.h Line: 39)

02/06/2022 20:09:47: Dungeon loaded 17
 
(Filename: C:\buildslave\unity\build\Runtime/Export/Debug/Debug.bindings.h Line: 39)

02/06/2022 20:09:47: Dungeon load time 59.0017 ms
 
(Filename: C:\buildslave\unity\build\Runtime/Export/Debug/Debug.bindings.h Line: 39)

02/06/2022 20:09:48: Placed wood_wall_roof_upsidedown
 
(Filename: C:\buildslave\unity\build\Runtime/Export/Debug/Debug.bindings.h Line: 39)

02/06/2022 20:10:02: Force generaeting hmap (0.0, 0.0, 512.0)
 
(Filename: C:\buildslave\unity\build\Runtime/Export/Debug/Debug.bindings.h Line: 39)

02/06/2022 20:10:03: Loading dungeon
 
(Filename: C:\buildslave\unity\build\Runtime/Export/Debug/Debug.bindings.h Line: 39)

02/06/2022 20:10:03: Dungeon loaded 17
 
(Filename: C:\buildslave\unity\build\Runtime/Export/Debug/Debug.bindings.h Line: 39)

02/06/2022 20:10:03: Dungeon load time 58.5014 ms
 
(Filename: C:\buildslave\unity\build\Runtime/Export/Debug/Debug.bindings.h Line: 39)

02/06/2022 20:10:04: Stopped music home at 2746100
 
(Filename: C:\buildslave\unity\build\Runtime/Export/Debug/Debug.bindings.h Line: 39)

02/06/2022 20:10:04: Resumed music home at 2746100
 
(Filename: C:\buildslave\unity\build\Runtime/Export/Debug/Debug.bindings.h Line: 39)

02/06/2022 20:10:04: Stopped music home at 2748922
 
(Filename: C:\buildslave\unity\build\Runtime/Export/Debug/Debug.bindings.h Line: 39)

02/06/2022 20:10:04: Resumed music meadows at 3180667
 
(Filename: C:\buildslave\unity\build\Runtime/Export/Debug/Debug.bindings.h Line: 39)

02/06/2022 20:10:06: Stopped music meadows at 3293042
 
(Filename: C:\buildslave\unity\build\Runtime/Export/Debug/Debug.bindings.h Line: 39)

02/06/2022 20:10:06: Resumed music home at 2748922
 
(Filename: C:\buildslave\unity\build\Runtime/Export/Debug/Debug.bindings.h Line: 39)

02/06/2022 20:10:11: Stopped music home at 2932170
 
(Filename: C:\buildslave\unity\build\Runtime/Export/Debug/Debug.bindings.h Line: 39)

02/06/2022 20:10:11: Resumed music meadows at 3293042
 
(Filename: C:\buildslave\unity\build\Runtime/Export/Debug/Debug.bindings.h Line: 39)

02/06/2022 20:10:13: Force generaeting hmap (0.0, 0.0, 512.0)
 
(Filename: C:\buildslave\unity\build\Runtime/Export/Debug/Debug.bindings.h Line: 39)

02/06/2022 20:10:14: Loading dungeon
 
(Filename: C:\buildslave\unity\build\Runtime/Export/Debug/Debug.bindings.h Line: 39)

02/06/2022 20:10:14: Dungeon loaded 17
 
(Filename: C:\buildslave\unity\build\Runtime/Export/Debug/Debug.bindings.h Line: 39)

02/06/2022 20:10:14: Dungeon load time 60.5008 ms
 
(Filename: C:\buildslave\unity\build\Runtime/Export/Debug/Debug.bindings.h Line: 39)

02/06/2022 20:10:17: Placed wood_wall_half
 
(Filename: C:\buildslave\unity\build\Runtime/Export/Debug/Debug.bindings.h Line: 39)

02/06/2022 20:10:20: Placed wood_wall_half
 
(Filename: C:\buildslave\unity\build\Runtime/Export/Debug/Debug.bindings.h Line: 39)

02/06/2022 20:10:33: Placed wood_wall_half
 
(Filename: C:\buildslave\unity\build\Runtime/Export/Debug/Debug.bindings.h Line: 39)

02/06/2022 20:10:35: Placed wood_wall_half
 
(Filename: C:\buildslave\unity\build\Runtime/Export/Debug/Debug.bindings.h Line: 39)

02/06/2022 20:10:40: Placed wood_roof
 
(Filename: C:\buildslave\unity\build\Runtime/Export/Debug/Debug.bindings.h Line: 39)

02/06/2022 20:10:41: Force generaeting hmap (0.0, 0.0, 512.0)
 
(Filename: C:\buildslave\unity\build\Runtime/Export/Debug/Debug.bindings.h Line: 39)

02/06/2022 20:10:43: Loading dungeon
 
(Filename: C:\buildslave\unity\build\Runtime/Export/Debug/Debug.bindings.h Line: 39)

02/06/2022 20:10:43: Dungeon loaded 17
 
(Filename: C:\buildslave\unity\build\Runtime/Export/Debug/Debug.bindings.h Line: 39)

02/06/2022 20:10:43: Dungeon load time 59.9999 ms
 
(Filename: C:\buildslave\unity\build\Runtime/Export/Debug/Debug.bindings.h Line: 39)

02/06/2022 20:10:43: Placed wood_roof
 
(Filename: C:\buildslave\unity\build\Runtime/Export/Debug/Debug.bindings.h Line: 39)

02/06/2022 20:10:53: Placed wood_wall_roof
 
(Filename: C:\buildslave\unity\build\Runtime/Export/Debug/Debug.bindings.h Line: 39)

02/06/2022 20:10:59: Placed wood_wall_roof
 
(Filename: C:\buildslave\unity\build\Runtime/Export/Debug/Debug.bindings.h Line: 39)

02/06/2022 20:11:00: Force generaeting hmap (0.0, 0.0, 512.0)
 
(Filename: C:\buildslave\unity\build\Runtime/Export/Debug/Debug.bindings.h Line: 39)

02/06/2022 20:11:01: Loading dungeon
 
(Filename: C:\buildslave\unity\build\Runtime/Export/Debug/Debug.bindings.h Line: 39)

02/06/2022 20:11:01: Dungeon loaded 17
 
(Filename: C:\buildslave\unity\build\Runtime/Export/Debug/Debug.bindings.h Line: 39)

02/06/2022 20:11:01: Dungeon load time 60.5014 ms
 
(Filename: C:\buildslave\unity\build\Runtime/Export/Debug/Debug.bindings.h Line: 39)

02/06/2022 20:11:04: Placed wood_wall_half
 
(Filename: C:\buildslave\unity\build\Runtime/Export/Debug/Debug.bindings.h Line: 39)

02/06/2022 20:11:06: Placed wood_wall_half
 
(Filename: C:\buildslave\unity\build\Runtime/Export/Debug/Debug.bindings.h Line: 39)

02/06/2022 20:11:09: Placed wood_beam
 
(Filename: C:\buildslave\unity\build\Runtime/Export/Debug/Debug.bindings.h Line: 39)

02/06/2022 20:11:10: Placed wood_beam
 
(Filename: C:\buildslave\unity\build\Runtime/Export/Debug/Debug.bindings.h Line: 39)

02/06/2022 20:11:13: Placed wood_beam
 
(Filename: C:\buildslave\unity\build\Runtime/Export/Debug/Debug.bindings.h Line: 39)

02/06/2022 20:11:14: Placed wood_beam
 
(Filename: C:\buildslave\unity\build\Runtime/Export/Debug/Debug.bindings.h Line: 39)

02/06/2022 20:11:21: Placed wood_pole
 
(Filename: C:\buildslave\unity\build\Runtime/Export/Debug/Debug.bindings.h Line: 39)

02/06/2022 20:11:23: Placed wood_pole
 
(Filename: C:\buildslave\unity\build\Runtime/Export/Debug/Debug.bindings.h Line: 39)

02/06/2022 20:11:31: Placed wood_beam_26
 
(Filename: C:\buildslave\unity\build\Runtime/Export/Debug/Debug.bindings.h Line: 39)

02/06/2022 20:11:34: Placed wood_beam_26
 
(Filename: C:\buildslave\unity\build\Runtime/Export/Debug/Debug.bindings.h Line: 39)

02/06/2022 20:11:44: Force generaeting hmap (0.0, 0.0, 512.0)
 
(Filename: C:\buildslave\unity\build\Runtime/Export/Debug/Debug.bindings.h Line: 39)

02/06/2022 20:11:46: Stopped music meadows at 7486401
 
(Filename: C:\buildslave\unity\build\Runtime/Export/Debug/Debug.bindings.h Line: 39)

02/06/2022 20:11:46: Resumed music home at 2932170
 
(Filename: C:\buildslave\unity\build\Runtime/Export/Debug/Debug.bindings.h Line: 39)

02/06/2022 20:11:47: Placed wood_beam_1
 
(Filename: C:\buildslave\unity\build\Runtime/Export/Debug/Debug.bindings.h Line: 39)

02/06/2022 20:11:49: Force generaeting hmap (0.0, 0.0, 512.0)
 
(Filename: C:\buildslave\unity\build\Runtime/Export/Debug/Debug.bindings.h Line: 39)

02/06/2022 20:11:50: Loading dungeon
 
(Filename: C:\buildslave\unity\build\Runtime/Export/Debug/Debug.bindings.h Line: 39)

02/06/2022 20:11:50: Dungeon loaded 17
 
(Filename: C:\buildslave\unity\build\Runtime/Export/Debug/Debug.bindings.h Line: 39)

02/06/2022 20:11:50: Dungeon load time 61.0018 ms
 
(Filename: C:\buildslave\unity\build\Runtime/Export/Debug/Debug.bindings.h Line: 39)

02/06/2022 20:11:51: Placed wood_beam_1
 
(Filename: C:\buildslave\unity\build\Runtime/Export/Debug/Debug.bindings.h Line: 39)

02/06/2022 20:11:55: Placed wood_wall_quarter
 
(Filename: C:\buildslave\unity\build\Runtime/Export/Debug/Debug.bindings.h Line: 39)

02/06/2022 20:11:56: Placed wood_wall_quarter
 
(Filename: C:\buildslave\unity\build\Runtime/Export/Debug/Debug.bindings.h Line: 39)

02/06/2022 20:12:00: Placed wood_wall_quarter
 
(Filename: C:\buildslave\unity\build\Runtime/Export/Debug/Debug.bindings.h Line: 39)

02/06/2022 20:12:01: Placed wood_wall_quarter
 
(Filename: C:\buildslave\unity\build\Runtime/Export/Debug/Debug.bindings.h Line: 39)

02/06/2022 20:12:04: Placed wood_pole2
 
(Filename: C:\buildslave\unity\build\Runtime/Export/Debug/Debug.bindings.h Line: 39)

02/06/2022 20:12:05: Force generaeting hmap (0.0, 0.0, 512.0)
 
(Filename: C:\buildslave\unity\build\Runtime/Export/Debug/Debug.bindings.h Line: 39)

02/06/2022 20:12:06: Loading dungeon
 
(Filename: C:\buildslave\unity\build\Runtime/Export/Debug/Debug.bindings.h Line: 39)

02/06/2022 20:12:06: Dungeon loaded 17
 
(Filename: C:\buildslave\unity\build\Runtime/Export/Debug/Debug.bindings.h Line: 39)

02/06/2022 20:12:06: Dungeon load time 61.0016 ms
 
(Filename: C:\buildslave\unity\build\Runtime/Export/Debug/Debug.bindings.h Line: 39)

02/06/2022 20:12:07: Placed wood_pole2
 
(Filename: C:\buildslave\unity\build\Runtime/Export/Debug/Debug.bindings.h Line: 39)

02/06/2022 20:12:13: Placed wood_wall_quarter
 
(Filename: C:\buildslave\unity\build\Runtime/Export/Debug/Debug.bindings.h Line: 39)

02/06/2022 20:12:17: Force generaeting hmap (0.0, 0.0, 512.0)
 
(Filename: C:\buildslave\unity\build\Runtime/Export/Debug/Debug.bindings.h Line: 39)

02/06/2022 20:12:18: Loading dungeon
 
(Filename: C:\buildslave\unity\build\Runtime/Export/Debug/Debug.bindings.h Line: 39)

02/06/2022 20:12:18: Dungeon loaded 17
 
(Filename: C:\buildslave\unity\build\Runtime/Export/Debug/Debug.bindings.h Line: 39)

02/06/2022 20:12:18: Dungeon load time 59.5014 ms
 
(Filename: C:\buildslave\unity\build\Runtime/Export/Debug/Debug.bindings.h Line: 39)

02/06/2022 20:12:18: Placed wood_wall_quarter
 
(Filename: C:\buildslave\unity\build\Runtime/Export/Debug/Debug.bindings.h Line: 39)

02/06/2022 20:12:20: Placed wood_wall_quarter
 
(Filename: C:\buildslave\unity\build\Runtime/Export/Debug/Debug.bindings.h Line: 39)

02/06/2022 20:12:21: Placed wood_wall_quarter
 
(Filename: C:\buildslave\unity\build\Runtime/Export/Debug/Debug.bindings.h Line: 39)

02/06/2022 20:12:24: Placed wood_pole2
 
(Filename: C:\buildslave\unity\build\Runtime/Export/Debug/Debug.bindings.h Line: 39)

02/06/2022 20:12:25: Placed wood_pole2
 
(Filename: C:\buildslave\unity\build\Runtime/Export/Debug/Debug.bindings.h Line: 39)

02/06/2022 20:12:29: Stopped music home at 4859910
 
(Filename: C:\buildslave\unity\build\Runtime/Export/Debug/Debug.bindings.h Line: 39)

02/06/2022 20:12:29: Resumed music meadows at 7486401
 
(Filename: C:\buildslave\unity\build\Runtime/Export/Debug/Debug.bindings.h Line: 39)

02/06/2022 20:12:37: Force generaeting hmap (0.0, 0.0, 512.0)
 
(Filename: C:\buildslave\unity\build\Runtime/Export/Debug/Debug.bindings.h Line: 39)

02/06/2022 20:12:38: Loading dungeon
 
(Filename: C:\buildslave\unity\build\Runtime/Export/Debug/Debug.bindings.h Line: 39)

02/06/2022 20:12:38: Dungeon loaded 17
 
(Filename: C:\buildslave\unity\build\Runtime/Export/Debug/Debug.bindings.h Line: 39)

02/06/2022 20:12:38: Dungeon load time 60.5021 ms
 
(Filename: C:\buildslave\unity\build\Runtime/Export/Debug/Debug.bindings.h Line: 39)

02/06/2022 20:12:39: Stopped music meadows at 7903459
 
(Filename: C:\buildslave\unity\build\Runtime/Export/Debug/Debug.bindings.h Line: 39)

02/06/2022 20:12:39: Resumed music home at 4859910
 
(Filename: C:\buildslave\unity\build\Runtime/Export/Debug/Debug.bindings.h Line: 39)

02/06/2022 20:12:44: Placed wood_floor_1x1
 
(Filename: C:\buildslave\unity\build\Runtime/Export/Debug/Debug.bindings.h Line: 39)

02/06/2022 20:12:45: Placed wood_floor_1x1
 
(Filename: C:\buildslave\unity\build\Runtime/Export/Debug/Debug.bindings.h Line: 39)

02/06/2022 20:12:46: Force generaeting hmap (0.0, 0.0, 512.0)
 
(Filename: C:\buildslave\unity\build\Runtime/Export/Debug/Debug.bindings.h Line: 39)

02/06/2022 20:12:47: Loading dungeon
 
(Filename: C:\buildslave\unity\build\Runtime/Export/Debug/Debug.bindings.h Line: 39)

02/06/2022 20:12:47: Dungeon loaded 17
 
(Filename: C:\buildslave\unity\build\Runtime/Export/Debug/Debug.bindings.h Line: 39)

02/06/2022 20:12:47: Dungeon load time 61.5001 ms
 
(Filename: C:\buildslave\unity\build\Runtime/Export/Debug/Debug.bindings.h Line: 39)

02/06/2022 20:12:49: Placed wood_floor_1x1
 
(Filename: C:\buildslave\unity\build\Runtime/Export/Debug/Debug.bindings.h Line: 39)

02/06/2022 20:12:50: Placed wood_floor_1x1
 
(Filename: C:\buildslave\unity\build\Runtime/Export/Debug/Debug.bindings.h Line: 39)

02/06/2022 20:13:08: Placed wood_wall_roof
 
(Filename: C:\buildslave\unity\build\Runtime/Export/Debug/Debug.bindings.h Line: 39)

02/06/2022 20:13:12: Placed wood_floor_1x1
 
(Filename: C:\buildslave\unity\build\Runtime/Export/Debug/Debug.bindings.h Line: 39)

02/06/2022 20:13:22: Placed wood_wall_roof
 
(Filename: C:\buildslave\unity\build\Runtime/Export/Debug/Debug.bindings.h Line: 39)

02/06/2022 20:13:26: Placed wood_floor_1x1
 
(Filename: C:\buildslave\unity\build\Runtime/Export/Debug/Debug.bindings.h Line: 39)

02/06/2022 20:13:31: Placed wood_beam_1
 
(Filename: C:\buildslave\unity\build\Runtime/Export/Debug/Debug.bindings.h Line: 39)

02/06/2022 20:13:35: Placed wood_beam
 
(Filename: C:\buildslave\unity\build\Runtime/Export/Debug/Debug.bindings.h Line: 39)

02/06/2022 20:13:38: Force generaeting hmap (0.0, 0.0, 512.0)
 
(Filename: C:\buildslave\unity\build\Runtime/Export/Debug/Debug.bindings.h Line: 39)

02/06/2022 20:13:38: Placed wood_beam
 
(Filename: C:\buildslave\unity\build\Runtime/Export/Debug/Debug.bindings.h Line: 39)

02/06/2022 20:13:39: Loading dungeon
 
(Filename: C:\buildslave\unity\build\Runtime/Export/Debug/Debug.bindings.h Line: 39)

02/06/2022 20:13:39: Dungeon loaded 17
 
(Filename: C:\buildslave\unity\build\Runtime/Export/Debug/Debug.bindings.h Line: 39)

02/06/2022 20:13:39: Dungeon load time 62.5001 ms
 
(Filename: C:\buildslave\unity\build\Runtime/Export/Debug/Debug.bindings.h Line: 39)

02/06/2022 20:13:49: Placed wood_beam_1
 
(Filename: C:\buildslave\unity\build\Runtime/Export/Debug/Debug.bindings.h Line: 39)

02/06/2022 20:13:54: Force generaeting hmap (0.0, 0.0, 512.0)
 
(Filename: C:\buildslave\unity\build\Runtime/Export/Debug/Debug.bindings.h Line: 39)

02/06/2022 20:13:54: Stopped music home at 36770
 
(Filename: C:\buildslave\unity\build\Runtime/Export/Debug/Debug.bindings.h Line: 39)

02/06/2022 20:13:54: Resumed music meadows at 7903459
 
(Filename: C:\buildslave\unity\build\Runtime/Export/Debug/Debug.bindings.h Line: 39)

02/06/2022 20:13:55: Loading dungeon
 
(Filename: C:\buildslave\unity\build\Runtime/Export/Debug/Debug.bindings.h Line: 39)

02/06/2022 20:13:55: Dungeon loaded 17
 
(Filename: C:\buildslave\unity\build\Runtime/Export/Debug/Debug.bindings.h Line: 39)

02/06/2022 20:13:55: Dungeon load time 62.5015 ms
 
(Filename: C:\buildslave\unity\build\Runtime/Export/Debug/Debug.bindings.h Line: 39)

02/06/2022 20:14:27: Force generaeting hmap (0.0, 0.0, 512.0)
 
(Filename: C:\buildslave\unity\build\Runtime/Export/Debug/Debug.bindings.h Line: 39)

02/06/2022 20:14:30: Stopped music meadows at 9477479
 
(Filename: C:\buildslave\unity\build\Runtime/Export/Debug/Debug.bindings.h Line: 39)

02/06/2022 20:14:30: Resumed music home at 36770
 
(Filename: C:\buildslave\unity\build\Runtime/Export/Debug/Debug.bindings.h Line: 39)

02/06/2022 20:14:30: Force generaeting hmap (0.0, 0.0, 512.0)
 
(Filename: C:\buildslave\unity\build\Runtime/Export/Debug/Debug.bindings.h Line: 39)

02/06/2022 20:14:32: Loading dungeon
 
(Filename: C:\buildslave\unity\build\Runtime/Export/Debug/Debug.bindings.h Line: 39)

02/06/2022 20:14:32: Dungeon loaded 17
 
(Filename: C:\buildslave\unity\build\Runtime/Export/Debug/Debug.bindings.h Line: 39)

02/06/2022 20:14:32: Dungeon load time 60.5015 ms
 
(Filename: C:\buildslave\unity\build\Runtime/Export/Debug/Debug.bindings.h Line: 39)

02/06/2022 20:14:36: Force generaeting hmap (0.0, 0.0, 512.0)
 
(Filename: C:\buildslave\unity\build\Runtime/Export/Debug/Debug.bindings.h Line: 39)

02/06/2022 20:14:38: Loading dungeon
 
(Filename: C:\buildslave\unity\build\Runtime/Export/Debug/Debug.bindings.h Line: 39)

02/06/2022 20:14:38: Dungeon loaded 17
 
(Filename: C:\buildslave\unity\build\Runtime/Export/Debug/Debug.bindings.h Line: 39)

02/06/2022 20:14:38: Dungeon load time 61.0015 ms
 
(Filename: C:\buildslave\unity\build\Runtime/Export/Debug/Debug.bindings.h Line: 39)

02/06/2022 20:14:40: Placed wood_wall_quarter
 
(Filename: C:\buildslave\unity\build\Runtime/Export/Debug/Debug.bindings.h Line: 39)

02/06/2022 20:14:43: Placed wood_wall_quarter
 
(Filename: C:\buildslave\unity\build\Runtime/Export/Debug/Debug.bindings.h Line: 39)

02/06/2022 20:14:45: Placed wood_wall_quarter
 
(Filename: C:\buildslave\unity\build\Runtime/Export/Debug/Debug.bindings.h Line: 39)

02/06/2022 20:14:52: Placed wood_floor_1x1
 
(Filename: C:\buildslave\unity\build\Runtime/Export/Debug/Debug.bindings.h Line: 39)

02/06/2022 20:14:53: Placed wood_floor_1x1
 
(Filename: C:\buildslave\unity\build\Runtime/Export/Debug/Debug.bindings.h Line: 39)

02/06/2022 20:14:55: Force generaeting hmap (0.0, 0.0, 512.0)
 
(Filename: C:\buildslave\unity\build\Runtime/Export/Debug/Debug.bindings.h Line: 39)

02/06/2022 20:14:56: Loading dungeon
 
(Filename: C:\buildslave\unity\build\Runtime/Export/Debug/Debug.bindings.h Line: 39)

02/06/2022 20:14:56: Dungeon loaded 17
 
(Filename: C:\buildslave\unity\build\Runtime/Export/Debug/Debug.bindings.h Line: 39)

02/06/2022 20:14:56: Dungeon load time 61.9997 ms
 
(Filename: C:\buildslave\unity\build\Runtime/Export/Debug/Debug.bindings.h Line: 39)

02/06/2022 20:14:57: Placed wood_floor_1x1
 
(Filename: C:\buildslave\unity\build\Runtime/Export/Debug/Debug.bindings.h Line: 39)

02/06/2022 20:14:59: Placed wood_floor_1x1
 
(Filename: C:\buildslave\unity\build\Runtime/Export/Debug/Debug.bindings.h Line: 39)

02/06/2022 20:15:07: Placed wood_floor
 
(Filename: C:\buildslave\unity\build\Runtime/Export/Debug/Debug.bindings.h Line: 39)

02/06/2022 20:15:29: Stopped music home at 2642063
 
(Filename: C:\buildslave\unity\build\Runtime/Export/Debug/Debug.bindings.h Line: 39)

02/06/2022 20:15:29: Resumed music meadows at 9477479
 
(Filename: C:\buildslave\unity\build\Runtime/Export/Debug/Debug.bindings.h Line: 39)

02/06/2022 20:15:37: Placed wood_roof
 
(Filename: C:\buildslave\unity\build\Runtime/Export/Debug/Debug.bindings.h Line: 39)

02/06/2022 20:15:39: Placed wood_roof
 
(Filename: C:\buildslave\unity\build\Runtime/Export/Debug/Debug.bindings.h Line: 39)

02/06/2022 20:15:42: Placed wood_roof
 
(Filename: C:\buildslave\unity\build\Runtime/Export/Debug/Debug.bindings.h Line: 39)

02/06/2022 20:15:43: Placed wood_roof
 
(Filename: C:\buildslave\unity\build\Runtime/Export/Debug/Debug.bindings.h Line: 39)

02/06/2022 20:15:46: Placed wood_roof
 
(Filename: C:\buildslave\unity\build\Runtime/Export/Debug/Debug.bindings.h Line: 39)

02/06/2022 20:15:48: Placed wood_roof
 
(Filename: C:\buildslave\unity\build\Runtime/Export/Debug/Debug.bindings.h Line: 39)

02/06/2022 20:16:05: Force generaeting hmap (0.0, 0.0, 512.0)
 
(Filename: C:\buildslave\unity\build\Runtime/Export/Debug/Debug.bindings.h Line: 39)

02/06/2022 20:16:06: Stopped music meadows at 1396515
 
(Filename: C:\buildslave\unity\build\Runtime/Export/Debug/Debug.bindings.h Line: 39)

02/06/2022 20:16:06: Resumed music meadows at 1396515
 
(Filename: C:\buildslave\unity\build\Runtime/Export/Debug/Debug.bindings.h Line: 39)

02/06/2022 20:16:07: Loading dungeon
 
(Filename: C:\buildslave\unity\build\Runtime/Export/Debug/Debug.bindings.h Line: 39)

02/06/2022 20:16:07: Dungeon loaded 17
 
(Filename: C:\buildslave\unity\build\Runtime/Export/Debug/Debug.bindings.h Line: 39)

02/06/2022 20:16:07: Dungeon load time 61.5012 ms
 
(Filename: C:\buildslave\unity\build\Runtime/Export/Debug/Debug.bindings.h Line: 39)

02/06/2022 20:16:25: Placed wood_wall_half
 
(Filename: C:\buildslave\unity\build\Runtime/Export/Debug/Debug.bindings.h Line: 39)

02/06/2022 20:16:33: Placed woodwall
 
(Filename: C:\buildslave\unity\build\Runtime/Export/Debug/Debug.bindings.h Line: 39)

02/06/2022 20:16:35: Placed woodwall
 
(Filename: C:\buildslave\unity\build\Runtime/Export/Debug/Debug.bindings.h Line: 39)

02/06/2022 20:16:41: Force generaeting hmap (0.0, 0.0, 512.0)
 
(Filename: C:\buildslave\unity\build\Runtime/Export/Debug/Debug.bindings.h Line: 39)

02/06/2022 20:16:42: Loading dungeon
 
(Filename: C:\buildslave\unity\build\Runtime/Export/Debug/Debug.bindings.h Line: 39)

02/06/2022 20:16:42: Dungeon loaded 17
 
(Filename: C:\buildslave\unity\build\Runtime/Export/Debug/Debug.bindings.h Line: 39)

02/06/2022 20:16:42: Dungeon load time 61.5025 ms
 
(Filename: C:\buildslave\unity\build\Runtime/Export/Debug/Debug.bindings.h Line: 39)

02/06/2022 20:16:43: Stopped music meadows at 3006152
 
(Filename: C:\buildslave\unity\build\Runtime/Export/Debug/Debug.bindings.h Line: 39)

02/06/2022 20:16:43: Resumed music home at 2642063
 
(Filename: C:\buildslave\unity\build\Runtime/Export/Debug/Debug.bindings.h Line: 39)

02/06/2022 20:16:59: Placed wood_floor
 
(Filename: C:\buildslave\unity\build\Runtime/Export/Debug/Debug.bindings.h Line: 39)

02/06/2022 20:17:01: Placed wood_floor
 
(Filename: C:\buildslave\unity\build\Runtime/Export/Debug/Debug.bindings.h Line: 39)

02/06/2022 20:17:07: Placed wood_beam
 
(Filename: C:\buildslave\unity\build\Runtime/Export/Debug/Debug.bindings.h Line: 39)

02/06/2022 20:17:08: Placed wood_beam
 
(Filename: C:\buildslave\unity\build\Runtime/Export/Debug/Debug.bindings.h Line: 39)

02/06/2022 20:17:09: Stopped music home at 3810428
 
(Filename: C:\buildslave\unity\build\Runtime/Export/Debug/Debug.bindings.h Line: 39)

02/06/2022 20:17:09: Resumed music meadows at 3006152
 
(Filename: C:\buildslave\unity\build\Runtime/Export/Debug/Debug.bindings.h Line: 39)

02/06/2022 20:17:11: Placed wood_pole
 
(Filename: C:\buildslave\unity\build\Runtime/Export/Debug/Debug.bindings.h Line: 39)

02/06/2022 20:17:14: Placed wood_pole
 
(Filename: C:\buildslave\unity\build\Runtime/Export/Debug/Debug.bindings.h Line: 39)

02/06/2022 20:17:18: Placed wood_roof
 
(Filename: C:\buildslave\unity\build\Runtime/Export/Debug/Debug.bindings.h Line: 39)

02/06/2022 20:17:20: Placed wood_roof
 
(Filename: C:\buildslave\unity\build\Runtime/Export/Debug/Debug.bindings.h Line: 39)

02/06/2022 20:17:22: Placed wood_roof
 
(Filename: C:\buildslave\unity\build\Runtime/Export/Debug/Debug.bindings.h Line: 39)

02/06/2022 20:17:26: Placed wood_roof
 
(Filename: C:\buildslave\unity\build\Runtime/Export/Debug/Debug.bindings.h Line: 39)

02/06/2022 20:17:28: Placed wood_roof
 
(Filename: C:\buildslave\unity\build\Runtime/Export/Debug/Debug.bindings.h Line: 39)

02/06/2022 20:17:31: Placed wood_roof
 
(Filename: C:\buildslave\unity\build\Runtime/Export/Debug/Debug.bindings.h Line: 39)

02/06/2022 20:17:51: Uncompressed size 8390199
 
(Filename: C:\buildslave\unity\build\Runtime/Export/Debug/Debug.bindings.h Line: 39)

02/06/2022 20:17:51: Compressed size 9327
 
(Filename: C:\buildslave\unity\build\Runtime/Export/Debug/Debug.bindings.h Line: 39)

02/06/2022 20:17:51: clone 124
 
(Filename: C:\buildslave\unity\build\Runtime/Export/Debug/Debug.bindings.h Line: 39)

Unloading 0 Unused Serialized files (Serialized files now loaded: 0)
02/06/2022 20:17:52: Saved 53742 zdos
 
(Filename: C:\buildslave\unity\build\Runtime/Export/Debug/Debug.bindings.h Line: 39)

02/06/2022 20:17:52: World saved ( 149.502ms )
 
(Filename: C:\buildslave\unity\build\Runtime/Export/Debug/Debug.bindings.h Line: 39)


Unloading 20068 unused Assets to reduce memory usage. Loaded Objects now: 1677480.
Total: 574.219700 ms (FindLiveObjects: 127.810500 ms CreateObjectMapping: 29.698900 ms MarkObjects: 371.545300 ms  DeleteObjects: 45.164700 ms)

02/06/2022 20:18:57: Placed wood_roof
 
(Filename: C:\buildslave\unity\build\Runtime/Export/Debug/Debug.bindings.h Line: 39)

02/06/2022 20:19:39: Force generaeting hmap (0.0, 0.0, 512.0)
 
(Filename: C:\buildslave\unity\build\Runtime/Export/Debug/Debug.bindings.h Line: 39)

02/06/2022 20:19:41: Loading dungeon
 
(Filename: C:\buildslave\unity\build\Runtime/Export/Debug/Debug.bindings.h Line: 39)

02/06/2022 20:19:41: Dungeon loaded 17
 
(Filename: C:\buildslave\unity\build\Runtime/Export/Debug/Debug.bindings.h Line: 39)

02/06/2022 20:19:41: Dungeon load time 65.0007 ms
 
(Filename: C:\buildslave\unity\build\Runtime/Export/Debug/Debug.bindings.h Line: 39)

02/06/2022 20:19:42: Placed wood_beam_26
 
(Filename: C:\buildslave\unity\build\Runtime/Export/Debug/Debug.bindings.h Line: 39)

02/06/2022 20:19:43: Placed wood_beam_26
 
(Filename: C:\buildslave\unity\build\Runtime/Export/Debug/Debug.bindings.h Line: 39)

02/06/2022 20:19:45: Placed wood_beam_26
 
(Filename: C:\buildslave\unity\build\Runtime/Export/Debug/Debug.bindings.h Line: 39)

02/06/2022 20:19:51: Placed wood_beam_26
 
(Filename: C:\buildslave\unity\build\Runtime/Export/Debug/Debug.bindings.h Line: 39)

02/06/2022 20:19:52: Placed wood_beam_26
 
(Filename: C:\buildslave\unity\build\Runtime/Export/Debug/Debug.bindings.h Line: 39)

02/06/2022 20:19:53: Placed wood_beam_26
 
(Filename: C:\buildslave\unity\build\Runtime/Export/Debug/Debug.bindings.h Line: 39)

02/06/2022 20:19:54: Stopped music meadows at 591495
 
(Filename: C:\buildslave\unity\build\Runtime/Export/Debug/Debug.bindings.h Line: 39)

02/06/2022 20:19:54: Resumed music meadows at 591495
 
(Filename: C:\buildslave\unity\build\Runtime/Export/Debug/Debug.bindings.h Line: 39)

02/06/2022 20:26:19: Placed wood_beam_26
 
(Filename: C:\buildslave\unity\build\Runtime/Export/Debug/Debug.bindings.h Line: 39)

02/06/2022 20:26:20: UI Group status changed MenuRoot = True
 
(Filename: C:\buildslave\unity\build\Runtime/Export/Debug/Debug.bindings.h Line: 39)

02/06/2022 20:26:21: UI Group status changed MenuRoot = False
 
(Filename: C:\buildslave\unity\build\Runtime/Export/Debug/Debug.bindings.h Line: 39)

02/06/2022 20:26:21: Game - OnApplicationQuit
 
(Filename: C:\buildslave\unity\build\Runtime/Export/Debug/Debug.bindings.h Line: 39)

02/06/2022 20:26:21: Shuting down
 
(Filename: C:\buildslave\unity\build\Runtime/Export/Debug/Debug.bindings.h Line: 39)

02/06/2022 20:26:21: Uncompressed size 8390199
 
(Filename: C:\buildslave\unity\build\Runtime/Export/Debug/Debug.bindings.h Line: 39)

02/06/2022 20:26:21: Compressed size 9327
 
(Filename: C:\buildslave\unity\build\Runtime/Export/Debug/Debug.bindings.h Line: 39)

02/06/2022 20:26:22: ZNet Shutdown
 
(Filename: C:\buildslave\unity\build\Runtime/Export/Debug/Debug.bindings.h Line: 39)

02/06/2022 20:26:22: clone 68
 
(Filename: C:\buildslave\unity\build\Runtime/Export/Debug/Debug.bindings.h Line: 39)

02/06/2022 20:26:22: Saved 53750 zdos
 
(Filename: C:\buildslave\unity\build\Runtime/Export/Debug/Debug.bindings.h Line: 39)

02/06/2022 20:26:22: World saved ( 160.0018ms )
 
(Filename: C:\buildslave\unity\build\Runtime/Export/Debug/Debug.bindings.h Line: 39)

02/06/2022 20:26:22: Sending disconnect msg
 
(Filename: C:\buildslave\unity\build\Runtime/Export/Debug/Debug.bindings.h Line: 39)

02/06/2022 20:26:25: FOund selected Button_yes
 
(Filename: C:\buildslave\unity\build\Runtime/Export/Debug/Debug.bindings.h Line: 39)

02/06/2022 20:26:25: ZNet OnDestroy
 
(Filename: C:\buildslave\unity\build\Runtime/Export/Debug/Debug.bindings.h Line: 39)

02/06/2022 20:26:25: Net scene destroyed
 
(Filename: C:\buildslave\unity\build\Runtime/Export/Debug/Debug.bindings.h Line: 39)

02/06/2022 20:26:25: Local player destroyed
 
(Filename: C:\buildslave\unity\build\Runtime/Export/Debug/Debug.bindings.h Line: 39)

02/06/2022 20:26:26: Steam manager on destroy
 
(Filename: C:\buildslave\unity\build\Runtime/Export/Debug/Debug.bindings.h Line: 39)

Vulkan PSO: data extracted [new size=4253126, old size=0, incomplete=0]
Vulkan PSO: Saved size[4253126] path[C:/Users/cbanw/AppData/Local/Temp/IronGate/Valheim/vulkan_pso_cache.bin] success=1 headerChanged=1 sizeChanged=1
